2022-12-19T10:28:55.337Z
cwd: /Users/rinto.cyriac/Documents/_DWP-files/_prototypes/dth-prototype
package: govuk-prototype-kit@13.0.1
argv: /Users/rinto.cyriac/.nvm/versions/node/v18.12.1/bin/node /Users/rinto.cyriac/.npm/_npx/ab0cb2c39bc0319f/node_modules/.bin/govuk-prototype-kit migrate
Started [Check migration is being applied to a pre v13 prototype]
Succeeded [Check migration is being applied to a pre v13 prototype]
2022-12-19T10:29:04.200Z
cwd: /Users/rinto.cyriac/Documents/_DWP-files/_prototypes/dth-prototype
package: govuk-prototype-kit@13.0.1
argv: /Users/rinto.cyriac/.nvm/versions/node/v18.12.1/bin/node /Users/rinto.cyriac/Documents/_DWP-files/_prototypes/dth-prototype/node_modules/.bin/govuk-prototype-kit migrate -- /Users/rinto.cyriac/Documents/_DWP-files/_prototypes/dth-prototype
Started [Migrate config.js to config.json]
Started [Update application SCSS file]
Started [Deleted files that are no longer needed]
Started [Deleted directories that are no longer needed]
Started [Delete /Users/rinto.cyriac/Documents/_DWP-files/_prototypes/dth-prototype/listen-on-port.js]
Started [Delete /Users/rinto.cyriac/Documents/_DWP-files/_prototypes/dth-prototype/server.js]
Started [Delete /Users/rinto.cyriac/Documents/_DWP-files/_prototypes/dth-prototype/gulpfile.js]
Started [Delete /Users/rinto.cyriac/Documents/_DWP-files/_prototypes/dth-prototype/start.js]
Started [Delete /Users/rinto.cyriac/Documents/_DWP-files/_prototypes/dth-prototype/VERSION.txt]
Started [Delete /Users/rinto.cyriac/Documents/_DWP-files/_prototypes/dth-prototype/Procfile]
Started [Delete /Users/rinto.cyriac/Documents/_DWP-files/_prototypes/dth-prototype/app/assets/sass/application-ie8.scss]
Started [Delete /Users/rinto.cyriac/Documents/_DWP-files/_prototypes/dth-prototype/app/assets/sass/unbranded-ie8.scss]
Started [Remove unused directory docs]
Started [Remove unused directory public]
Started [Remove unused directory gulp]
Started [Remove unused directory __tests__]
Started [Remove unused directory lib]
Succeeded [Migrate config.js to config.json]
Started [Overwrite app/assets/javascripts/application.js]
Started [Overwrite app/filters.js]
Started [Overwrite app/views/layout.html]
Succeeded [Delete /Users/rinto.cyriac/Documents/_DWP-files/_prototypes/dth-prototype/listen-on-port.js]
Succeeded [Delete /Users/rinto.cyriac/Documents/_DWP-files/_prototypes/dth-prototype/start.js]
Succeeded [Delete /Users/rinto.cyriac/Documents/_DWP-files/_prototypes/dth-prototype/app/assets/sass/application-ie8.scss]
Succeeded [Delete /Users/rinto.cyriac/Documents/_DWP-files/_prototypes/dth-prototype/VERSION.txt]
Succeeded [Delete /Users/rinto.cyriac/Documents/_DWP-files/_prototypes/dth-prototype/gulpfile.js]
Succeeded [Delete /Users/rinto.cyriac/Documents/_DWP-files/_prototypes/dth-prototype/server.js]
Succeeded [Delete /Users/rinto.cyriac/Documents/_DWP-files/_prototypes/dth-prototype/app/assets/sass/unbranded-ie8.scss]
Failed [Overwrite app/assets/javascripts/application.js]
Succeeded [Delete /Users/rinto.cyriac/Documents/_DWP-files/_prototypes/dth-prototype/Procfile]
copying from [/Users/rinto.cyriac/Documents/_DWP-files/_prototypes/dth-prototype/node_modules/govuk-prototype-kit/prototype-starter/app/filters.js] to [/Users/rinto.cyriac/Documents/_DWP-files/_prototypes/dth-prototype/app/filters.js]
Started [Delete app/assets/images/separator-2x.png]
Started [Delete app/assets/images/separator.png]
Started [Delete app/assets/images/unbranded.ico]
Started [Delete app/assets/javascripts/auto-store-data.js]
Started [Delete app/assets/javascripts/jquery-1.11.3.js]
Started [Delete app/views/includes/cookie-banner.html]
Started [Delete app/views/includes/breadcrumb_examples.html]
Started [Delete app/assets/sass/unbranded.scss]
Failed [Overwrite app/views/layout.html]
Started [Delete app/views/layout_unbranded.html]
Started [Delete app/assets/sass/patterns/_step-by-step-related.scss]
Started [Delete app/assets/sass/patterns/_related-items.scss]
Started [Delete app/assets/sass/patterns/_step-by-step-nav.scss]
Started [Delete app/assets/sass/patterns/_step-by-step-header.scss]
Started [Delete app/assets/sass/patterns/_task-list.scss]
Succeeded [Deleted files that are no longer needed]
Failed [Delete app/views/includes/cookie-banner.html]
Found [// Add your routes here - above the module.exports line] in [/Users/rinto.cyriac/Documents/_DWP-files/_prototypes/dth-prototype/app/routes.js, replacing
Keeping these lines from old file
Found [// Add extra styles here, or re-organise the Sass files in whichever way makes most sense to you] in [/Users/rinto.cyriac/Documents/_DWP-files/_prototypes/dth-prototype/app/assets/sass/application.scss, replacing
Keeping these lines from old file
Succeeded [Delete app/assets/images/separator-2x.png]
Succeeded [Delete app/assets/images/unbranded.ico]
Succeeded [Delete app/assets/javascripts/auto-store-data.js]
Succeeded [Delete app/assets/images/separator.png]
Succeeded [Delete app/assets/javascripts/jquery-1.11.3.js]
Succeeded [Delete app/views/includes/breadcrumb_examples.html]
Succeeded [Delete app/assets/sass/unbranded.scss]
Succeeded [Remove unused directory gulp]
Succeeded [Delete app/views/layout_unbranded.html]
Succeeded [Delete app/assets/sass/patterns/_step-by-step-related.scss]
Succeeded [Delete app/assets/sass/patterns/_related-items.scss]
Succeeded [Delete app/assets/sass/patterns/_step-by-step-header.scss]
Succeeded [Delete app/assets/sass/patterns/_step-by-step-nav.scss]
Succeeded [Delete app/assets/sass/patterns/_task-list.scss]
Succeeded [Update application SCSS file]
Succeeded [Remove unused directory __tests__]
// ,// For guidance on how to create routes see:,// https://prototype-kit.service.gov.uk/docs/create-routes,// ,,const govukPrototypeKit = require('govuk-prototype-kit'),const router = govukPrototypeKit.requests.setupRouter(),,// Add your routes here,,module.exports = router,,// Import version-specific routes,const cxpRoutes = require('./routes/cxp'),const authRoutes = require('./routes/auth'),const idvRoutes = require('./routes/idv'),const kbvRoutes = require('./routes/kbv-uplift'),,router.use('/', cxpRoutes),router.use('/', authRoutes),router.use('/', idvRoutes),router.use('/', kbvRoutes),,// Prototype-wide routing,router.post('/prototype-submit', (req, res, next) => {,  const currentUrl = req.protocol + '://' + req.get('host'),  // Get journey start and service name from journey-start value,  const journeyDetails = req.session.data['journey-start'],  const journeyDetailsArr = journeyDetails.split(','),  const journeyStart = journeyDetailsArr[0],  const serviceName = req.session.data[,    journeyDetailsArr[1] === 'carers' ? 'carers-service-name': 'dss-service-name',  ],  req.session.data['service-name'] = serviceName,,  // Other variables,  const citizenName = req.session.data['citizen-name'],  const citizenBenefits = req.session.data['citizen-benefits'],  const cxp = req.session.data['cxp'],  const esaStatus = req.session.data['esa-status'],  const pipStatus = req.session.data['pip-status'],  const auth = req.session.data['auth'],  const idv = req.session.data['idv'],  const idvHappy = req.session.data['idvHappy'],  req.session.data['generated-link'] = currentUrl + journeyStart + '?' + ,    'citizen-name=' + citizenName + '&' + ,    'service-name=' + serviceName + '&' + ,    'citizen-benefits=' + citizenBenefits + '&' + ,    'cxp=' + cxp  + '&' + ,    'esa-status=' + esaStatus  + '&' + ,    'pip-status=' + pipStatus  + '&' + ,    'auth=' + auth  + '&' + ,    'idv=' + idv  + '&' + ,    'idvHappy=' + idvHappy ,  const action = req.session.data['action'],  if (action === 'generateLink') {,    res.redirect('/generate-link'),  } else {,    res.redirect(journeyStart),  },}),
Found [module.exports = router;,module.exports = router] in [/Users/rinto.cyriac/Documents/_DWP-files/_prototypes/dth-prototype/app/routes.js, removing
Succeeded [Remove unused directory public]
Succeeded [Remove unused directory lib]
Succeeded [Overwrite app/filters.js]
Succeeded [Update routes file]
Succeeded [Remove unused directory docs]
Succeeded [Deleted directories that are no longer needed]
Started [Remove old pattern includes from application SCSS file]
Succeeded [Remove old pattern includes from application SCSS file]
Started [Remove empty directory /app/assets/sass/patterns]
Started [Remove empty directory /app/assets/images]
Started [Remove empty directory /app/views/includes]
Skipped deleting /app/assets/images
Skipped deleting /app/views/includes
Succeeded [Remove empty directory /app/assets/sass/patterns]
